<?xml version="1.0" encoding="UTF-8"?>
<!-- Generated by org.testng.reporters.JUnitReportReporter -->
<testsuite hostname="LAPTOP-PC7PRG3C" failures="0" tests="5" name="com.flipkart.Flipkart2" time="5.457" errors="0" timestamp="25 Feb 2022 08:52:08 GMT" skipped="0">
  <testcase classname="com.flipkart.Flipkart2" name="login" time="0.110"/>
  <testcase classname="com.flipkart.Flipkart2" name="Validation1" time="2.325"/>
  <testcase classname="com.flipkart.Flipkart2" name="Validation2" time="0.313"/>
  <testcase classname="com.flipkart.Flipkart2" name="Excelread" time="0.042"/>
  <testcase classname="com.flipkart.Flipkart2" name="Screenshot" time="2.667"/>
</testsuite> <!-- com.flipkart.Flipkart2 -->
