<?xml version="1.0" encoding="UTF-8"?>
<!-- Generated by org.testng.reporters.JUnitReportReporter -->
<testsuite hostname="LAPTOP-PC7PRG3C" failures="0" tests="7" name="com.flipkart.FlipkartTv" time="7.124" errors="0" timestamp="25 Feb 2022 10:10:59 GMT" skipped="0">
  <testcase classname="com.flipkart.FlipkartTv" name="loginpage" time="0.279"/>
  <testcase classname="com.flipkart.FlipkartTv" name="stockValidation1" time="3.995"/>
  <testcase classname="com.flipkart.FlipkartTv" name="windowhandling" time="1.242"/>
  <testcase classname="com.flipkart.FlipkartTv" name="excelread" time="0.026"/>
  <testcase classname="com.flipkart.FlipkartTv" name="screenshot" time="0.454"/>
  <testcase classname="com.flipkart.FlipkartTv" name="screenshot" time="0.561"/>
  <testcase classname="com.flipkart.FlipkartTv" name="screenshot" time="0.567"/>
</testsuite> <!-- com.flipkart.FlipkartTv -->
